0 info it worked if it ends with ok
1 verbose cli [ 'C:\\Program Files\\nodejs\\node.exe',
1 verbose cli   'C:\\Users\\satna\\AppData\\Roaming\\npm\\node_modules\\npm\\bin\\npm-cli.js',
1 verbose cli   'install',
1 verbose cli   'dt~createjs',
1 verbose cli   'dt~createjs-lib',
1 verbose cli   'dt~easeljs',
1 verbose cli   'dt~preloadjs',
1 verbose cli   'dt~soundjs',
1 verbose cli   'dt~tweenjs' ]
2 info using npm@3.9.5
3 info using node@v6.2.1
4 silly loadCurrentTree Starting
5 silly install loadCurrentTree
6 silly install readLocalPackageData
7 silly fetchPackageMetaData dt~createjs
8 silly fetchPackageMetaData dt~createjs-lib
9 silly fetchPackageMetaData dt~easeljs
10 silly fetchPackageMetaData dt~preloadjs
11 silly fetchPackageMetaData dt~soundjs
12 silly fetchPackageMetaData dt~tweenjs
13 silly fetchOtherPackageData dt~createjs
14 silly cache add args [ 'dt~createjs', null ]
15 verbose cache add spec dt~createjs
16 silly fetchOtherPackageData dt~createjs-lib
17 silly cache add args [ 'dt~createjs-lib', null ]
18 verbose cache add spec dt~createjs-lib
19 silly fetchOtherPackageData dt~easeljs
20 silly cache add args [ 'dt~easeljs', null ]
21 verbose cache add spec dt~easeljs
22 silly fetchOtherPackageData dt~preloadjs
23 silly cache add args [ 'dt~preloadjs', null ]
24 verbose cache add spec dt~preloadjs
25 silly fetchOtherPackageData dt~soundjs
26 silly cache add args [ 'dt~soundjs', null ]
27 verbose cache add spec dt~soundjs
28 silly fetchOtherPackageData dt~tweenjs
29 silly cache add args [ 'dt~tweenjs', null ]
30 verbose cache add spec dt~tweenjs
31 silly cache add parsed spec Result {
31 silly cache add   raw: 'dt~createjs',
31 silly cache add   scope: null,
31 silly cache add   name: null,
31 silly cache add   rawSpec: 'dt~createjs',
31 silly cache add   spec: 'c:\\Users\\satna\\Desktop\\Assignment-3-Client-Side-Web-Development-master\\dt~createjs',
31 silly cache add   type: 'local' }
32 silly cache add parsed spec Result {
32 silly cache add   raw: 'dt~createjs-lib',
32 silly cache add   scope: null,
32 silly cache add   name: null,
32 silly cache add   rawSpec: 'dt~createjs-lib',
32 silly cache add   spec: 'c:\\Users\\satna\\Desktop\\Assignment-3-Client-Side-Web-Development-master\\dt~createjs-lib',
32 silly cache add   type: 'local' }
33 silly cache add parsed spec Result {
33 silly cache add   raw: 'dt~easeljs',
33 silly cache add   scope: null,
33 silly cache add   name: null,
33 silly cache add   rawSpec: 'dt~easeljs',
33 silly cache add   spec: 'c:\\Users\\satna\\Desktop\\Assignment-3-Client-Side-Web-Development-master\\dt~easeljs',
33 silly cache add   type: 'local' }
34 silly cache add parsed spec Result {
34 silly cache add   raw: 'dt~preloadjs',
34 silly cache add   scope: null,
34 silly cache add   name: null,
34 silly cache add   rawSpec: 'dt~preloadjs',
34 silly cache add   spec: 'c:\\Users\\satna\\Desktop\\Assignment-3-Client-Side-Web-Development-master\\dt~preloadjs',
34 silly cache add   type: 'local' }
35 silly cache add parsed spec Result {
35 silly cache add   raw: 'dt~soundjs',
35 silly cache add   scope: null,
35 silly cache add   name: null,
35 silly cache add   rawSpec: 'dt~soundjs',
35 silly cache add   spec: 'c:\\Users\\satna\\Desktop\\Assignment-3-Client-Side-Web-Development-master\\dt~soundjs',
35 silly cache add   type: 'local' }
36 silly cache add parsed spec Result {
36 silly cache add   raw: 'dt~tweenjs',
36 silly cache add   scope: null,
36 silly cache add   name: null,
36 silly cache add   rawSpec: 'dt~tweenjs',
36 silly cache add   spec: 'c:\\Users\\satna\\Desktop\\Assignment-3-Client-Side-Web-Development-master\\dt~tweenjs',
36 silly cache add   type: 'local' }
37 error addLocal Could not install c:\Users\satna\Desktop\Assignment-3-Client-Side-Web-Development-master\dt~createjs
38 silly fetchPackageMetaData Error: ENOENT: no such file or directory, open 'c:\Users\satna\Desktop\Assignment-3-Client-Side-Web-Development-master\dt~createjs'
38 silly fetchPackageMetaData     at Error (native)
38 silly fetchPackageMetaData  error for dt~createjs { Error: ENOENT: no such file or directory, open 'c:\Users\satna\Desktop\Assignment-3-Client-Side-Web-Development-master\dt~createjs'
38 silly fetchPackageMetaData     at Error (native)
38 silly fetchPackageMetaData   errno: -4058,
38 silly fetchPackageMetaData   code: 'ENOENT',
38 silly fetchPackageMetaData   syscall: 'open',
38 silly fetchPackageMetaData   path: 'c:\\Users\\satna\\Desktop\\Assignment-3-Client-Side-Web-Development-master\\dt~createjs' }
39 error addLocal Could not install c:\Users\satna\Desktop\Assignment-3-Client-Side-Web-Development-master\dt~createjs-lib
40 silly fetchPackageMetaData Error: ENOENT: no such file or directory, open 'c:\Users\satna\Desktop\Assignment-3-Client-Side-Web-Development-master\dt~createjs-lib'
40 silly fetchPackageMetaData     at Error (native)
40 silly fetchPackageMetaData  error for dt~createjs-lib { Error: ENOENT: no such file or directory, open 'c:\Users\satna\Desktop\Assignment-3-Client-Side-Web-Development-master\dt~createjs-lib'
40 silly fetchPackageMetaData     at Error (native)
40 silly fetchPackageMetaData   errno: -4058,
40 silly fetchPackageMetaData   code: 'ENOENT',
40 silly fetchPackageMetaData   syscall: 'open',
40 silly fetchPackageMetaData   path: 'c:\\Users\\satna\\Desktop\\Assignment-3-Client-Side-Web-Development-master\\dt~createjs-lib' }
41 error addLocal Could not install c:\Users\satna\Desktop\Assignment-3-Client-Side-Web-Development-master\dt~easeljs
42 silly fetchPackageMetaData Error: ENOENT: no such file or directory, open 'c:\Users\satna\Desktop\Assignment-3-Client-Side-Web-Development-master\dt~easeljs'
42 silly fetchPackageMetaData     at Error (native)
42 silly fetchPackageMetaData  error for dt~easeljs { Error: ENOENT: no such file or directory, open 'c:\Users\satna\Desktop\Assignment-3-Client-Side-Web-Development-master\dt~easeljs'
42 silly fetchPackageMetaData     at Error (native)
42 silly fetchPackageMetaData   errno: -4058,
42 silly fetchPackageMetaData   code: 'ENOENT',
42 silly fetchPackageMetaData   syscall: 'open',
42 silly fetchPackageMetaData   path: 'c:\\Users\\satna\\Desktop\\Assignment-3-Client-Side-Web-Development-master\\dt~easeljs' }
43 error addLocal Could not install c:\Users\satna\Desktop\Assignment-3-Client-Side-Web-Development-master\dt~preloadjs
44 silly fetchPackageMetaData Error: ENOENT: no such file or directory, open 'c:\Users\satna\Desktop\Assignment-3-Client-Side-Web-Development-master\dt~preloadjs'
44 silly fetchPackageMetaData     at Error (native)
44 silly fetchPackageMetaData  error for dt~preloadjs { Error: ENOENT: no such file or directory, open 'c:\Users\satna\Desktop\Assignment-3-Client-Side-Web-Development-master\dt~preloadjs'
44 silly fetchPackageMetaData     at Error (native)
44 silly fetchPackageMetaData   errno: -4058,
44 silly fetchPackageMetaData   code: 'ENOENT',
44 silly fetchPackageMetaData   syscall: 'open',
44 silly fetchPackageMetaData   path: 'c:\\Users\\satna\\Desktop\\Assignment-3-Client-Side-Web-Development-master\\dt~preloadjs' }
45 error addLocal Could not install c:\Users\satna\Desktop\Assignment-3-Client-Side-Web-Development-master\dt~soundjs
46 silly fetchPackageMetaData Error: ENOENT: no such file or directory, open 'c:\Users\satna\Desktop\Assignment-3-Client-Side-Web-Development-master\dt~soundjs'
46 silly fetchPackageMetaData     at Error (native)
46 silly fetchPackageMetaData  error for dt~soundjs { Error: ENOENT: no such file or directory, open 'c:\Users\satna\Desktop\Assignment-3-Client-Side-Web-Development-master\dt~soundjs'
46 silly fetchPackageMetaData     at Error (native)
46 silly fetchPackageMetaData   errno: -4058,
46 silly fetchPackageMetaData   code: 'ENOENT',
46 silly fetchPackageMetaData   syscall: 'open',
46 silly fetchPackageMetaData   path: 'c:\\Users\\satna\\Desktop\\Assignment-3-Client-Side-Web-Development-master\\dt~soundjs' }
47 error addLocal Could not install c:\Users\satna\Desktop\Assignment-3-Client-Side-Web-Development-master\dt~tweenjs
48 silly fetchPackageMetaData Error: ENOENT: no such file or directory, open 'c:\Users\satna\Desktop\Assignment-3-Client-Side-Web-Development-master\dt~tweenjs'
48 silly fetchPackageMetaData     at Error (native)
48 silly fetchPackageMetaData  error for dt~tweenjs { Error: ENOENT: no such file or directory, open 'c:\Users\satna\Desktop\Assignment-3-Client-Side-Web-Development-master\dt~tweenjs'
48 silly fetchPackageMetaData     at Error (native)
48 silly fetchPackageMetaData   errno: -4058,
48 silly fetchPackageMetaData   code: 'ENOENT',
48 silly fetchPackageMetaData   syscall: 'open',
48 silly fetchPackageMetaData   path: 'c:\\Users\\satna\\Desktop\\Assignment-3-Client-Side-Web-Development-master\\dt~tweenjs' }
49 silly rollbackFailedOptional Starting
50 silly rollbackFailedOptional Finishing
51 silly runTopLevelLifecycles Starting
52 silly runTopLevelLifecycles Finishing
53 silly install printInstalled
54 verbose stack Error: ENOENT: no such file or directory, open 'c:\Users\satna\Desktop\Assignment-3-Client-Side-Web-Development-master\dt~createjs'
54 verbose stack     at Error (native)
55 verbose cwd c:\Users\satna\Desktop\Assignment-3-Client-Side-Web-Development-master
56 error Windows_NT 10.0.10586
57 error argv "C:\\Program Files\\nodejs\\node.exe" "C:\\Users\\satna\\AppData\\Roaming\\npm\\node_modules\\npm\\bin\\npm-cli.js" "install" "dt~createjs" "dt~createjs-lib" "dt~easeljs" "dt~preloadjs" "dt~soundjs" "dt~tweenjs"
58 error node v6.2.1
59 error npm  v3.9.5
60 error path c:\Users\satna\Desktop\Assignment-3-Client-Side-Web-Development-master\dt~createjs
61 error code ENOENT
62 error errno -4058
63 error syscall open
64 error enoent ENOENT: no such file or directory, open 'c:\Users\satna\Desktop\Assignment-3-Client-Side-Web-Development-master\dt~createjs'
65 error enoent ENOENT: no such file or directory, open 'c:\Users\satna\Desktop\Assignment-3-Client-Side-Web-Development-master\dt~createjs'
65 error enoent This is most likely not a problem with npm itself
65 error enoent and is related to npm not being able to find a file.
66 verbose exit [ -4058, true ]
